Analysis & Synthesis report for project
Fri Dec 13 13:56:44 2024
Quartus Prime Version 20.1.1 Build 720 11/11/2020 SJ Lite Edition


---------------------
; Table of Contents ;
---------------------
  1. Legal Notice
  2. Analysis & Synthesis Summary
  3. Analysis & Synthesis Settings
  4. Parallel Compilation
  5. Analysis & Synthesis Source Files Read
  6. Analysis & Synthesis Resource Usage Summary
  7. Analysis & Synthesis Resource Utilization by Entity
  8. State Machine - |project|round_winner
  9. State Machine - |project|round
 10. State Machine - |project|S
 11. Registers Removed During Synthesis
 12. Removed Registers Triggering Further Register Optimizations
 13. General Register Statistics
 14. Multiplexer Restructuring Statistics (Restructuring Performed)
 15. Parameter Settings for User Entity Instance: Top-level Entity: |project
 16. Port Connectivity Checks: "fivedigit_decimal_twos_diplay:display"
 17. Post-Synthesis Netlist Statistics for Top Partition
 18. Elapsed Time Per Partition
 19. Analysis & Synthesis Messages
 20. Analysis & Synthesis Suppressed Messages



----------------
; Legal Notice ;
----------------
Copyright (C) 2020  Intel Corporation. All rights reserved.
Your use of Intel Corporation's design tools, logic functions 
and other software and tools, and any partner logic 
functions, and any output files from any of the foregoing 
(including device programming or simulation files), and any 
associated documentation or information are expressly subject 
to the terms and conditions of the Intel Program License 
Subscription Agreement, the Intel Quartus Prime License Agreement,
the Intel FPGA IP License Agreement, or other applicable license
agreement, including, without limitation, that your use is for
the sole purpose of programming logic devices manufactured by
Intel and sold by Intel or its authorized distributors.  Please
refer to the applicable agreement for further details, at
https://fpgasoftware.intel.com/eula.



+-------------------------------------------------------------------------------+
; Analysis & Synthesis Summary                                                  ;
+---------------------------------+---------------------------------------------+
; Analysis & Synthesis Status     ; Successful - Fri Dec 13 13:56:44 2024       ;
; Quartus Prime Version           ; 20.1.1 Build 720 11/11/2020 SJ Lite Edition ;
; Revision Name                   ; project                                     ;
; Top-level Entity Name           ; project                                     ;
; Family                          ; Cyclone V                                   ;
; Logic utilization (in ALMs)     ; N/A                                         ;
; Total registers                 ; 0                                           ;
; Total pins                      ; 58                                          ;
; Total virtual pins              ; 0                                           ;
; Total block memory bits         ; 0                                           ;
; Total DSP Blocks                ; 0                                           ;
; Total HSSI RX PCSs              ; 0                                           ;
; Total HSSI PMA RX Deserializers ; 0                                           ;
; Total HSSI TX PCSs              ; 0                                           ;
; Total HSSI PMA TX Serializers   ; 0                                           ;
; Total PLLs                      ; 0                                           ;
; Total DLLs                      ; 0                                           ;
+---------------------------------+---------------------------------------------+


+---------------------------------------------------------------------------------------------------------------------------+
; Analysis & Synthesis Settings                                                                                             ;
+---------------------------------------------------------------------------------+--------------------+--------------------+
; Option                                                                          ; Setting            ; Default Value      ;
+---------------------------------------------------------------------------------+--------------------+--------------------+
; Device                                                                          ; 5CGXFC7C7F23C8     ;                    ;
; Top-level entity name                                                           ; project            ; project            ;
; Family name                                                                     ; Cyclone V          ; Cyclone V          ;
; Use smart compilation                                                           ; Off                ; Off                ;
; Enable parallel Assembler and Timing Analyzer during compilation                ; On                 ; On                 ;
; Enable compact report table                                                     ; Off                ; Off                ;
; Restructure Multiplexers                                                        ; Auto               ; Auto               ;
; MLAB Add Timing Constraints For Mixed-Port Feed-Through Mode Setting Don't Care ; Off                ; Off                ;
; Create Debugging Nodes for IP Cores                                             ; Off                ; Off                ;
; Preserve fewer node names                                                       ; On                 ; On                 ;
; Intel FPGA IP Evaluation Mode                                                   ; Enable             ; Enable             ;
; Verilog Version                                                                 ; Verilog_2001       ; Verilog_2001       ;
; VHDL Version                                                                    ; VHDL_1993          ; VHDL_1993          ;
; State Machine Processing                                                        ; Auto               ; Auto               ;
; Safe State Machine                                                              ; Off                ; Off                ;
; Extract Verilog State Machines                                                  ; On                 ; On                 ;
; Extract VHDL State Machines                                                     ; On                 ; On                 ;
; Ignore Verilog initial constructs                                               ; Off                ; Off                ;
; Iteration limit for constant Verilog loops                                      ; 5000               ; 5000               ;
; Iteration limit for non-constant Verilog loops                                  ; 250                ; 250                ;
; Add Pass-Through Logic to Inferred RAMs                                         ; On                 ; On                 ;
; Infer RAMs from Raw Logic                                                       ; On                 ; On                 ;
; Parallel Synthesis                                                              ; On                 ; On                 ;
; DSP Block Balancing                                                             ; Auto               ; Auto               ;
; NOT Gate Push-Back                                                              ; On                 ; On                 ;
; Power-Up Don't Care                                                             ; On                 ; On                 ;
; Remove Redundant Logic Cells                                                    ; Off                ; Off                ;
; Remove Duplicate Registers                                                      ; On                 ; On                 ;
; Ignore CARRY Buffers                                                            ; Off                ; Off                ;
; Ignore CASCADE Buffers                                                          ; Off                ; Off                ;
; Ignore GLOBAL Buffers                                                           ; Off                ; Off                ;
; Ignore ROW GLOBAL Buffers                                                       ; Off                ; Off                ;
; Ignore LCELL Buffers                                                            ; Off                ; Off                ;
; Ignore SOFT Buffers                                                             ; On                 ; On                 ;
; Limit AHDL Integers to 32 Bits                                                  ; Off                ; Off                ;
; Optimization Technique                                                          ; Balanced           ; Balanced           ;
; Carry Chain Length                                                              ; 70                 ; 70                 ;
; Auto Carry Chains                                                               ; On                 ; On                 ;
; Auto Open-Drain Pins                                                            ; On                 ; On                 ;
; Perform WYSIWYG Primitive Resynthesis                                           ; Off                ; Off                ;
; Auto ROM Replacement                                                            ; On                 ; On                 ;
; Auto RAM Replacement                                                            ; On                 ; On                 ;
; Auto DSP Block Replacement                                                      ; On                 ; On                 ;
; Auto Shift Register Replacement                                                 ; Auto               ; Auto               ;
; Allow Shift Register Merging across Hierarchies                                 ; Auto               ; Auto               ;
; Auto Clock Enable Replacement                                                   ; On                 ; On                 ;
; Strict RAM Replacement                                                          ; Off                ; Off                ;
; Allow Synchronous Control Signals                                               ; On                 ; On                 ;
; Force Use of Synchronous Clear Signals                                          ; Off                ; Off                ;
; Auto Resource Sharing                                                           ; Off                ; Off                ;
; Allow Any RAM Size For Recognition                                              ; Off                ; Off                ;
; Allow Any ROM Size For Recognition                                              ; Off                ; Off                ;
; Allow Any Shift Register Size For Recognition                                   ; Off                ; Off                ;
; Use LogicLock Constraints during Resource Balancing                             ; On                 ; On                 ;
; Ignore translate_off and synthesis_off directives                               ; Off                ; Off                ;
; Timing-Driven Synthesis                                                         ; On                 ; On                 ;
; Report Parameter Settings                                                       ; On                 ; On                 ;
; Report Source Assignments                                                       ; On                 ; On                 ;
; Report Connectivity Checks                                                      ; On                 ; On                 ;
; Ignore Maximum Fan-Out Assignments                                              ; Off                ; Off                ;
; Synchronization Register Chain Length                                           ; 3                  ; 3                  ;
; Power Optimization During Synthesis                                             ; Normal compilation ; Normal compilation ;
; HDL message level                                                               ; Level2             ; Level2             ;
; Suppress Register Optimization Related Messages                                 ; Off                ; Off                ;
; Number of Removed Registers Reported in Synthesis Report                        ; 5000               ; 5000               ;
; Number of Swept Nodes Reported in Synthesis Report                              ; 5000               ; 5000               ;
; Number of Inverted Registers Reported in Synthesis Report                       ; 100                ; 100                ;
; Clock MUX Protection                                                            ; On                 ; On                 ;
; Auto Gated Clock Conversion                                                     ; Off                ; Off                ;
; Block Design Naming                                                             ; Auto               ; Auto               ;
; SDC constraint protection                                                       ; Off                ; Off                ;
; Synthesis Effort                                                                ; Auto               ; Auto               ;
; Shift Register Replacement - Allow Asynchronous Clear Signal                    ; On                 ; On                 ;
; Pre-Mapping Resynthesis Optimization                                            ; Off                ; Off                ;
; Analysis & Synthesis Message Level                                              ; Medium             ; Medium             ;
; Disable Register Merging Across Hierarchies                                     ; Auto               ; Auto               ;
; Resource Aware Inference For Block RAM                                          ; On                 ; On                 ;
; Automatic Parallel Synthesis                                                    ; On                 ; On                 ;
; Partial Reconfiguration Bitstream ID                                            ; Off                ; Off                ;
+---------------------------------------------------------------------------------+--------------------+--------------------+


+------------------------------------------+
; Parallel Compilation                     ;
+----------------------------+-------------+
; Processors                 ; Number      ;
+----------------------------+-------------+
; Number detected on machine ; 8           ;
; Maximum allowed            ; 8           ;
;                            ;             ;
; Average used               ; 1.00        ;
; Maximum used               ; 1           ;
;                            ;             ;
; Usage by Processor         ; % Time Used ;
;     Processor 1            ; 100.0%      ;
+----------------------------+-------------+


+----------------------------------------------------------------------------------------------------------------------------------------------------------------+
; Analysis & Synthesis Source Files Read                                                                                                                         ;
+----------------------------------+-----------------+------------------------------+------------------------------------------------------------------+---------+
; File Name with User-Entered Path ; Used in Netlist ; File Type                    ; File Name with Absolute Path                                     ; Library ;
+----------------------------------+-----------------+------------------------------+------------------------------------------------------------------+---------+
; project.v                        ; yes             ; Auto-Found Verilog HDL File  ; C:/Users/novab/Downloads/Project/project.v                       ;         ;
; fivedigit_decimal_twos_diplay.v  ; yes             ; Auto-Found Verilog HDL File  ; C:/Users/novab/Downloads/Project/fivedigit_decimal_twos_diplay.v ;         ;
+----------------------------------+-----------------+------------------------------+------------------------------------------------------------------+---------+


+--------------------------------------------------------------+
; Analysis & Synthesis Resource Usage Summary                  ;
+---------------------------------------------+----------------+
; Resource                                    ; Usage          ;
+---------------------------------------------+----------------+
; Estimate of Logic utilization (ALMs needed) ; 0              ;
;                                             ;                ;
; Combinational ALUT usage for logic          ; 0              ;
;     -- 7 input functions                    ; 0              ;
;     -- 6 input functions                    ; 0              ;
;     -- 5 input functions                    ; 0              ;
;     -- 4 input functions                    ; 0              ;
;     -- <=3 input functions                  ; 0              ;
;                                             ;                ;
; Dedicated logic registers                   ; 0              ;
;                                             ;                ;
; I/O pins                                    ; 58             ;
;                                             ;                ;
; Total DSP Blocks                            ; 0              ;
;                                             ;                ;
; Maximum fan-out node                        ; HEX0[0]~output ;
; Maximum fan-out                             ; 1              ;
; Total fan-out                               ; 58             ;
; Average fan-out                             ; 0.50           ;
+---------------------------------------------+----------------+


+----------------------------------------------------------------------------------------------------------------------------------------------------------------------------------------+
; Analysis & Synthesis Resource Utilization by Entity                                                                                                                                    ;
+----------------------------+---------------------+---------------------------+-------------------+------------+------+--------------+---------------------+-------------+--------------+
; Compilation Hierarchy Node ; Combinational ALUTs ; Dedicated Logic Registers ; Block Memory Bits ; DSP Blocks ; Pins ; Virtual Pins ; Full Hierarchy Name ; Entity Name ; Library Name ;
+----------------------------+---------------------+---------------------------+-------------------+------------+------+--------------+---------------------+-------------+--------------+
; |project                   ; 0 (0)               ; 0 (0)                     ; 0                 ; 0          ; 58   ; 0            ; |project            ; project     ; work         ;
+----------------------------+---------------------+---------------------------+-------------------+------------+------+--------------+---------------------+-------------+--------------+
Note: For table entries with two numbers listed, the numbers in parentheses indicate the number of resources of the given type used by the specific entity alone. The numbers listed outside of parentheses indicate the total resources of the given type used by the specific entity and all of its sub-entities in the hierarchy.


Encoding Type:  One-Hot
+-----------------------------------------------------------------------+
; State Machine - |project|round_winner                                 ;
+-----------------+-----------------+-----------------+-----------------+
; Name            ; round_winner.00 ; round_winner.10 ; round_winner.01 ;
+-----------------+-----------------+-----------------+-----------------+
; round_winner.00 ; 0               ; 0               ; 0               ;
; round_winner.01 ; 1               ; 0               ; 1               ;
; round_winner.10 ; 1               ; 1               ; 0               ;
+-----------------+-----------------+-----------------+-----------------+


Encoding Type:  One-Hot
+------------------------------------------------------+
; State Machine - |project|round                       ;
+----------+----------+----------+----------+----------+
; Name     ; round.11 ; round.10 ; round.01 ; round.00 ;
+----------+----------+----------+----------+----------+
; round.00 ; 0        ; 0        ; 0        ; 0        ;
; round.01 ; 0        ; 0        ; 1        ; 1        ;
; round.10 ; 0        ; 1        ; 0        ; 1        ;
; round.11 ; 1        ; 0        ; 0        ; 1        ;
+----------+----------+----------+----------+----------+


Encoding Type:  One-Hot
+----------------------------------------------------------------------------------------------------------------------------------------------------------------------------------------------------------------------------------------------------------------------------------------------------------------------------------------------------------------------------------------------------+
; State Machine - |project|S                                                                                                                                                                                                                                                                                                                                                                         ;
+----------------------+--------+---------------+----------------------+-----------------+---------------------+----------------------+-----------------+------------------+------------+---------------------+----------------------+-----------------+------------------+------------+-----------+-----------+-----------+-------------------+--------------+----------------+-----------+---------+
; Name                 ; S.DONE ; S.CHECK_SCORE ; S.WAIT_COMPARE_CARDS ; S.COMPARE_CARDS ; S.PLAYER_2_WON_GAME ; S.PLAYER_2_WON_ROUND ; S.PLAYER_2_CARD ; S.PLAYER_2_RAISE ; S.PLAYER_2 ; S.PLAYER_1_WON_GAME ; S.PLAYER_1_WON_ROUND ; S.PLAYER_1_CARD ; S.PLAYER_1_RAISE ; S.PLAYER_1 ; S.ROUND_3 ; S.ROUND_2 ; S.ROUND_1 ; S.WAIT_GIVE_CARDS ; S.GIVE_CARDS ; S.WAIT_SHUFFLE ; S.SHUFFLE ; S.START ;
+----------------------+--------+---------------+----------------------+-----------------+---------------------+----------------------+-----------------+------------------+------------+---------------------+----------------------+-----------------+------------------+------------+-----------+-----------+-----------+-------------------+--------------+----------------+-----------+---------+
; S.START              ; 0      ; 0             ; 0                    ; 0               ; 0                   ; 0                    ; 0               ; 0                ; 0          ; 0                   ; 0                    ; 0               ; 0                ; 0          ; 0         ; 0         ; 0         ; 0                 ; 0            ; 0              ; 0         ; 0       ;
; S.SHUFFLE            ; 0      ; 0             ; 0                    ; 0               ; 0                   ; 0                    ; 0               ; 0                ; 0          ; 0                   ; 0                    ; 0               ; 0                ; 0          ; 0         ; 0         ; 0         ; 0                 ; 0            ; 0              ; 1         ; 1       ;
; S.WAIT_SHUFFLE       ; 0      ; 0             ; 0                    ; 0               ; 0                   ; 0                    ; 0               ; 0                ; 0          ; 0                   ; 0                    ; 0               ; 0                ; 0          ; 0         ; 0         ; 0         ; 0                 ; 0            ; 1              ; 0         ; 1       ;
; S.GIVE_CARDS         ; 0      ; 0             ; 0                    ; 0               ; 0                   ; 0                    ; 0               ; 0                ; 0          ; 0                   ; 0                    ; 0               ; 0                ; 0          ; 0         ; 0         ; 0         ; 0                 ; 1            ; 0              ; 0         ; 1       ;
; S.WAIT_GIVE_CARDS    ; 0      ; 0             ; 0                    ; 0               ; 0                   ; 0                    ; 0               ; 0                ; 0          ; 0                   ; 0                    ; 0               ; 0                ; 0          ; 0         ; 0         ; 0         ; 1                 ; 0            ; 0              ; 0         ; 1       ;
; S.ROUND_1            ; 0      ; 0             ; 0                    ; 0               ; 0                   ; 0                    ; 0               ; 0                ; 0          ; 0                   ; 0                    ; 0               ; 0                ; 0          ; 0         ; 0         ; 1         ; 0                 ; 0            ; 0              ; 0         ; 1       ;
; S.ROUND_2            ; 0      ; 0             ; 0                    ; 0               ; 0                   ; 0                    ; 0               ; 0                ; 0          ; 0                   ; 0                    ; 0               ; 0                ; 0          ; 0         ; 1         ; 0         ; 0                 ; 0            ; 0              ; 0         ; 1       ;
; S.ROUND_3            ; 0      ; 0             ; 0                    ; 0               ; 0                   ; 0                    ; 0               ; 0                ; 0          ; 0                   ; 0                    ; 0               ; 0                ; 0          ; 1         ; 0         ; 0         ; 0                 ; 0            ; 0              ; 0         ; 1       ;
; S.PLAYER_1           ; 0      ; 0             ; 0                    ; 0               ; 0                   ; 0                    ; 0               ; 0                ; 0          ; 0                   ; 0                    ; 0               ; 0                ; 1          ; 0         ; 0         ; 0         ; 0                 ; 0            ; 0              ; 0         ; 1       ;
; S.PLAYER_1_RAISE     ; 0      ; 0             ; 0                    ; 0               ; 0                   ; 0                    ; 0               ; 0                ; 0          ; 0                   ; 0                    ; 0               ; 1                ; 0          ; 0         ; 0         ; 0         ; 0                 ; 0            ; 0              ; 0         ; 1       ;
; S.PLAYER_1_CARD      ; 0      ; 0             ; 0                    ; 0               ; 0                   ; 0                    ; 0               ; 0                ; 0          ; 0                   ; 0                    ; 1               ; 0                ; 0          ; 0         ; 0         ; 0         ; 0                 ; 0            ; 0              ; 0         ; 1       ;
; S.PLAYER_1_WON_ROUND ; 0      ; 0             ; 0                    ; 0               ; 0                   ; 0                    ; 0               ; 0                ; 0          ; 0                   ; 1                    ; 0               ; 0                ; 0          ; 0         ; 0         ; 0         ; 0                 ; 0            ; 0              ; 0         ; 1       ;
; S.PLAYER_1_WON_GAME  ; 0      ; 0             ; 0                    ; 0               ; 0                   ; 0                    ; 0               ; 0                ; 0          ; 1                   ; 0                    ; 0               ; 0                ; 0          ; 0         ; 0         ; 0         ; 0                 ; 0            ; 0              ; 0         ; 1       ;
; S.PLAYER_2           ; 0      ; 0             ; 0                    ; 0               ; 0                   ; 0                    ; 0               ; 0                ; 1          ; 0                   ; 0                    ; 0               ; 0                ; 0          ; 0         ; 0         ; 0         ; 0                 ; 0            ; 0              ; 0         ; 1       ;
; S.PLAYER_2_RAISE     ; 0      ; 0             ; 0                    ; 0               ; 0                   ; 0                    ; 0               ; 1                ; 0          ; 0                   ; 0                    ; 0               ; 0                ; 0          ; 0         ; 0         ; 0         ; 0                 ; 0            ; 0              ; 0         ; 1       ;
; S.PLAYER_2_CARD      ; 0      ; 0             ; 0                    ; 0               ; 0                   ; 0                    ; 1               ; 0                ; 0          ; 0                   ; 0                    ; 0               ; 0                ; 0          ; 0         ; 0         ; 0         ; 0                 ; 0            ; 0              ; 0         ; 1       ;
; S.PLAYER_2_WON_ROUND ; 0      ; 0             ; 0                    ; 0               ; 0                   ; 1                    ; 0               ; 0                ; 0          ; 0                   ; 0                    ; 0               ; 0                ; 0          ; 0         ; 0         ; 0         ; 0                 ; 0            ; 0              ; 0         ; 1       ;
; S.PLAYER_2_WON_GAME  ; 0      ; 0             ; 0                    ; 0               ; 1                   ; 0                    ; 0               ; 0                ; 0          ; 0                   ; 0                    ; 0               ; 0                ; 0          ; 0         ; 0         ; 0         ; 0                 ; 0            ; 0              ; 0         ; 1       ;
; S.COMPARE_CARDS      ; 0      ; 0             ; 0                    ; 1               ; 0                   ; 0                    ; 0               ; 0                ; 0          ; 0                   ; 0                    ; 0               ; 0                ; 0          ; 0         ; 0         ; 0         ; 0                 ; 0            ; 0              ; 0         ; 1       ;
; S.WAIT_COMPARE_CARDS ; 0      ; 0             ; 1                    ; 0               ; 0                   ; 0                    ; 0               ; 0                ; 0          ; 0                   ; 0                    ; 0               ; 0                ; 0          ; 0         ; 0         ; 0         ; 0                 ; 0            ; 0              ; 0         ; 1       ;
; S.CHECK_SCORE        ; 0      ; 1             ; 0                    ; 0               ; 0                   ; 0                    ; 0               ; 0                ; 0          ; 0                   ; 0                    ; 0               ; 0                ; 0          ; 0         ; 0         ; 0         ; 0                 ; 0            ; 0              ; 0         ; 1       ;
; S.DONE               ; 1      ; 0             ; 0                    ; 0               ; 0                   ; 0                    ; 0               ; 0                ; 0          ; 0                   ; 0                    ; 0               ; 0                ; 0          ; 0         ; 0         ; 0         ; 0                 ; 0            ; 0              ; 0         ; 1       ;
+----------------------+--------+---------------+----------------------+-----------------+---------------------+----------------------+-----------------+------------------+------------+---------------------+----------------------+-----------------+------------------+------------+-----------+-----------+-----------+-------------------+--------------+----------------+-----------+---------+


+--------------------------------------------------------------------------------------+
; Registers Removed During Synthesis                                                   ;
+----------------------------------------+---------------------------------------------+
; Register name                          ; Reason for Removal                          ;
+----------------------------------------+---------------------------------------------+
; player2_score[0]                       ; Stuck at GND due to stuck port clock_enable ;
; value_2_hex[0..15]                     ; Stuck at GND due to stuck port clock_enable ;
; player1_played                         ; Stuck at GND due to stuck port clock_enable ;
; player2_played                         ; Stuck at GND due to stuck port clock_enable ;
; player1_score[0..4]                    ; Stuck at GND due to stuck port clock_enable ;
; player2_score[1..4]                    ; Stuck at GND due to stuck port clock_enable ;
; shuffle_done                           ; Stuck at GND due to stuck port clock_enable ;
; cards_dealt                            ; Stuck at GND due to stuck port clock_enable ;
; round_weight[0..2]                     ; Stuck at GND due to stuck port clock_enable ;
; S.COMPARE_CARDS                        ; Lost fanout                                 ;
; S.WAIT_COMPARE_CARDS                   ; Lost fanout                                 ;
; round~4                                ; Lost fanout                                 ;
; round~5                                ; Lost fanout                                 ;
; S~4                                    ; Lost fanout                                 ;
; S~5                                    ; Lost fanout                                 ;
; S~6                                    ; Lost fanout                                 ;
; S~7                                    ; Lost fanout                                 ;
; S~8                                    ; Lost fanout                                 ;
; S~9                                    ; Lost fanout                                 ;
; S.GIVE_CARDS                           ; Stuck at GND due to stuck port data_in      ;
; S.ROUND_1                              ; Stuck at GND due to stuck port data_in      ;
; S.PLAYER_1_RAISE                       ; Stuck at GND due to stuck port data_in      ;
; S.PLAYER_1_WON_ROUND                   ; Stuck at GND due to stuck port data_in      ;
; S.PLAYER_1_WON_GAME                    ; Stuck at GND due to stuck port data_in      ;
; S.PLAYER_2_RAISE                       ; Stuck at GND due to stuck port data_in      ;
; S.PLAYER_2_WON_ROUND                   ; Stuck at GND due to stuck port data_in      ;
; S.PLAYER_2_WON_GAME                    ; Stuck at GND due to stuck port data_in      ;
; S.CHECK_SCORE                          ; Stuck at GND due to stuck port data_in      ;
; S.ROUND_2                              ; Stuck at GND due to stuck port data_in      ;
; S.ROUND_3                              ; Stuck at GND due to stuck port data_in      ;
; round_winner.01                        ; Lost fanout                                 ;
; round_winner.10                        ; Lost fanout                                 ;
; round_winner.00                        ; Lost fanout                                 ;
; round.11                               ; Lost fanout                                 ;
; S.START                                ; Lost fanout                                 ;
; S.SHUFFLE                              ; Lost fanout                                 ;
; S.WAIT_SHUFFLE                         ; Lost fanout                                 ;
; S.WAIT_GIVE_CARDS                      ; Lost fanout                                 ;
; S.PLAYER_1                             ; Lost fanout                                 ;
; S.PLAYER_1_CARD                        ; Lost fanout                                 ;
; S.PLAYER_2                             ; Lost fanout                                 ;
; S.PLAYER_2_CARD                        ; Lost fanout                                 ;
; S.DONE                                 ; Lost fanout                                 ;
; round.01                               ; Merged with round.00                        ;
; round.10                               ; Merged with round.00                        ;
; round.00                               ; Lost fanout                                 ;
; Total Number of Removed Registers = 70 ;                                             ;
+----------------------------------------+---------------------------------------------+


+---------------------------------------------------------------------------------------------------------------------------------------------------+
; Removed Registers Triggering Further Register Optimizations                                                                                       ;
+----------------------+--------------------------------+-------------------------------------------------------------------------------------------+
; Register name        ; Reason for Removal             ; Registers Removed due to This Register                                                    ;
+----------------------+--------------------------------+-------------------------------------------------------------------------------------------+
; player1_played       ; Stuck at GND                   ; player1_score[4], player1_score[3], player1_score[2], player1_score[1], player1_score[0], ;
;                      ; due to stuck port clock_enable ; player2_score[4], player2_score[3], player2_score[2], player2_score[1]                    ;
; S.PLAYER_1_WON_ROUND ; Stuck at GND                   ; S.CHECK_SCORE, S.ROUND_2, S.ROUND_3, S.START, S.PLAYER_1_CARD, S.PLAYER_2_CARD, round.00  ;
;                      ; due to stuck port data_in      ;                                                                                           ;
; S~4                  ; Lost Fanouts                   ; round_winner.01, S.PLAYER_2, S.DONE                                                       ;
; round~4              ; Lost Fanouts                   ; round.11                                                                                  ;
; S~7                  ; Lost Fanouts                   ; round_winner.10                                                                           ;
; S.PLAYER_1_RAISE     ; Stuck at GND                   ; S.PLAYER_1                                                                                ;
;                      ; due to stuck port data_in      ;                                                                                           ;
+----------------------+--------------------------------+-------------------------------------------------------------------------------------------+


+------------------------------------------------------+
; General Register Statistics                          ;
+----------------------------------------------+-------+
; Statistic                                    ; Value ;
+----------------------------------------------+-------+
; Total registers                              ; 0     ;
; Number of registers using Synchronous Clear  ; 0     ;
; Number of registers using Synchronous Load   ; 0     ;
; Number of registers using Asynchronous Clear ; 0     ;
; Number of registers using Asynchronous Load  ; 0     ;
; Number of registers using Clock Enable       ; 0     ;
; Number of registers using Preset             ; 0     ;
+----------------------------------------------+-------+


+------------------------------------------------------------------------------------------------------------------------------------------+
; Multiplexer Restructuring Statistics (Restructuring Performed)                                                                           ;
+--------------------+-----------+---------------+----------------------+------------------------+------------+----------------------------+
; Multiplexer Inputs ; Bus Width ; Baseline Area ; Area if Restructured ; Saving if Restructured ; Registered ; Example Multiplexer Output ;
+--------------------+-----------+---------------+----------------------+------------------------+------------+----------------------------+
; 4:1                ; 2 bits    ; 4 LEs         ; 4 LEs                ; 0 LEs                  ; No         ; |project|NS.START          ;
+--------------------+-----------+---------------+----------------------+------------------------+------------+----------------------------+


+-------------------------------------------------------------------------+
; Parameter Settings for User Entity Instance: Top-level Entity: |project ;
+--------------------+-------+--------------------------------------------+
; Parameter Name     ; Value ; Type                                       ;
+--------------------+-------+--------------------------------------------+
; START              ; 00000 ; Unsigned Binary                            ;
; SHUFFLE            ; 00001 ; Unsigned Binary                            ;
; WAIT_SHUFFLE       ; 00010 ; Unsigned Binary                            ;
; GIVE_CARDS         ; 00011 ; Unsigned Binary                            ;
; WAIT_GIVE_CARDS    ; 00100 ; Unsigned Binary                            ;
; ROUND_1            ; 00101 ; Unsigned Binary                            ;
; ROUND_2            ; 00110 ; Unsigned Binary                            ;
; ROUND_3            ; 00111 ; Unsigned Binary                            ;
; PLAYER_1           ; 01000 ; Unsigned Binary                            ;
; PLAYER_1_RAISE     ; 01001 ; Unsigned Binary                            ;
; PLAYER_1_CARD      ; 01010 ; Unsigned Binary                            ;
; PLAYER_1_WON_ROUND ; 01011 ; Unsigned Binary                            ;
; PLAYER_1_WON_GAME  ; 01100 ; Unsigned Binary                            ;
; PLAYER_2           ; 01101 ; Unsigned Binary                            ;
; PLAYER_2_RAISE     ; 01110 ; Unsigned Binary                            ;
; PLAYER_2_CARD      ; 01111 ; Unsigned Binary                            ;
; PLAYER_2_WON_ROUND ; 10000 ; Unsigned Binary                            ;
; PLAYER_2_WON_GAME  ; 10001 ; Unsigned Binary                            ;
; COMPARE_CARDS      ; 10010 ; Unsigned Binary                            ;
; WAIT_COMPARE_CARDS ; 10011 ; Unsigned Binary                            ;
; CHECK_SCORE        ; 10100 ; Unsigned Binary                            ;
; DONE               ; 10101 ; Unsigned Binary                            ;
+--------------------+-------+--------------------------------------------+
Note: In order to hide this table in the UI and the text report file, please set the "Show Parameter Settings in Synthesis Report" option in "Analysis and Synthesis Settings -> More Settings" to "Off".


+------------------------------------------------------------------------------------------------------------------------------------------------------------------------+
; Port Connectivity Checks: "fivedigit_decimal_twos_diplay:display"                                                                                                      ;
+----------------+--------+----------+-----------------------------------------------------------------------------------------------------------------------------------+
; Port           ; Type   ; Severity ; Details                                                                                                                           ;
+----------------+--------+----------+-----------------------------------------------------------------------------------------------------------------------------------+
; neg_sign_2_hex ; Output ; Warning  ; Output or bidir port (7 bits) is wider than the port expression (1 bits) it drives; bit(s) "neg_sign_2_hex[6..1]" have no fanouts ;
; neg_sign_2_hex ; Output ; Info     ; Connected to dangling logic. Logic that only feeds a dangling port will be removed.                                               ;
; d_4_sign_2_hex ; Output ; Warning  ; Output or bidir port (7 bits) is wider than the port expression (1 bits) it drives; bit(s) "d_4_sign_2_hex[6..1]" have no fanouts ;
; d_4_sign_2_hex ; Output ; Info     ; Connected to dangling logic. Logic that only feeds a dangling port will be removed.                                               ;
+----------------+--------+----------+-----------------------------------------------------------------------------------------------------------------------------------+


+-----------------------------------------------------+
; Post-Synthesis Netlist Statistics for Top Partition ;
+-----------------------+-----------------------------+
; Type                  ; Count                       ;
+-----------------------+-----------------------------+
; arriav_lcell_comb     ; 2                           ;
;     normal            ; 2                           ;
;         0 data inputs ; 2                           ;
; boundary_port         ; 58                          ;
;                       ;                             ;
; Max LUT depth         ; 0.00                        ;
; Average LUT depth     ; 0.00                        ;
+-----------------------+-----------------------------+


+-------------------------------+
; Elapsed Time Per Partition    ;
+----------------+--------------+
; Partition Name ; Elapsed Time ;
+----------------+--------------+
; Top            ; 00:00:00     ;
+----------------+--------------+


+-------------------------------+
; Analysis & Synthesis Messages ;
+-------------------------------+
Info: *******************************************************************
Info: Running Quartus Prime Analysis & Synthesis
    Info: Version 20.1.1 Build 720 11/11/2020 SJ Lite Edition
    Info: Processing started: Fri Dec 13 13:56:33 2024
Info: Command: quartus_map --read_settings_files=on --write_settings_files=off project -c project
Warning (18236): Number of processors has not been specified which may cause overloading on shared machines.  Set the global assignment NUM_PARALLEL_PROCESSORS in your QSF to an appropriate value for best performance.
Info (20030): Parallel compilation is enabled and will use 8 of the 8 processors detected
Warning (12125): Using design file project.v, which is not specified as a design file for the current project, but contains definitions for 1 design units and 1 entities in project
    Info (12023): Found entity 1: project File: C:/Users/novab/Downloads/Project/project.v Line: 1
Warning (10236): Verilog HDL Implicit Net warning at project.v(30): created implicit net for "card3_selector" File: C:/Users/novab/Downloads/Project/project.v Line: 30
Warning (10236): Verilog HDL Implicit Net warning at project.v(31): created implicit net for "card2_selector" File: C:/Users/novab/Downloads/Project/project.v Line: 31
Warning (10236): Verilog HDL Implicit Net warning at project.v(32): created implicit net for "card1_selector" File: C:/Users/novab/Downloads/Project/project.v Line: 32
Warning (10236): Verilog HDL Implicit Net warning at project.v(33): created implicit net for "raise" File: C:/Users/novab/Downloads/Project/project.v Line: 33
Warning (10236): Verilog HDL Implicit Net warning at project.v(168): created implicit net for "HEX5" File: C:/Users/novab/Downloads/Project/project.v Line: 168
Warning (10236): Verilog HDL Implicit Net warning at project.v(169): created implicit net for "HEX4" File: C:/Users/novab/Downloads/Project/project.v Line: 169
Info (12127): Elaborating entity "project" for the top level hierarchy
Warning (10858): Verilog HDL warning at project.v(35): object h_count used but never assigned File: C:/Users/novab/Downloads/Project/project.v Line: 35
Warning (10858): Verilog HDL warning at project.v(36): object v_count used but never assigned File: C:/Users/novab/Downloads/Project/project.v Line: 36
Warning (10036): Verilog HDL or VHDL warning at project.v(75): object "deck" assigned a value but never read File: C:/Users/novab/Downloads/Project/project.v Line: 75
Warning (10036): Verilog HDL or VHDL warning at project.v(122): object "rgb" assigned a value but never read File: C:/Users/novab/Downloads/Project/project.v Line: 122
Warning (10036): Verilog HDL or VHDL warning at project.v(143): object "player_turn" assigned a value but never read File: C:/Users/novab/Downloads/Project/project.v Line: 143
Warning (10858): Verilog HDL warning at project.v(152): object player1_card_choice used but never assigned File: C:/Users/novab/Downloads/Project/project.v Line: 152
Warning (10858): Verilog HDL warning at project.v(153): object player2_card_choice used but never assigned File: C:/Users/novab/Downloads/Project/project.v Line: 153
Warning (10036): Verilog HDL or VHDL warning at project.v(163): object "done" assigned a value but never read File: C:/Users/novab/Downloads/Project/project.v Line: 163
Warning (10230): Verilog HDL assignment warning at project.v(79): truncated value with size 6 to match size of target (1) File: C:/Users/novab/Downloads/Project/project.v Line: 79
Warning (10230): Verilog HDL assignment warning at project.v(80): truncated value with size 6 to match size of target (1) File: C:/Users/novab/Downloads/Project/project.v Line: 80
Warning (10230): Verilog HDL assignment warning at project.v(81): truncated value with size 6 to match size of target (1) File: C:/Users/novab/Downloads/Project/project.v Line: 81
Warning (10230): Verilog HDL assignment warning at project.v(82): truncated value with size 6 to match size of target (1) File: C:/Users/novab/Downloads/Project/project.v Line: 82
Warning (10230): Verilog HDL assignment warning at project.v(83): truncated value with size 6 to match size of target (1) File: C:/Users/novab/Downloads/Project/project.v Line: 83
Warning (10230): Verilog HDL assignment warning at project.v(84): truncated value with size 6 to match size of target (1) File: C:/Users/novab/Downloads/Project/project.v Line: 84
Warning (10230): Verilog HDL assignment warning at project.v(85): truncated value with size 6 to match size of target (1) File: C:/Users/novab/Downloads/Project/project.v Line: 85
Warning (10230): Verilog HDL assignment warning at project.v(86): truncated value with size 6 to match size of target (1) File: C:/Users/novab/Downloads/Project/project.v Line: 86
Warning (10230): Verilog HDL assignment warning at project.v(89): truncated value with size 6 to match size of target (1) File: C:/Users/novab/Downloads/Project/project.v Line: 89
Warning (10230): Verilog HDL assignment warning at project.v(90): truncated value with size 6 to match size of target (1) File: C:/Users/novab/Downloads/Project/project.v Line: 90
Warning (10230): Verilog HDL assignment warning at project.v(91): truncated value with size 6 to match size of target (1) File: C:/Users/novab/Downloads/Project/project.v Line: 91
Warning (10230): Verilog HDL assignment warning at project.v(92): truncated value with size 6 to match size of target (1) File: C:/Users/novab/Downloads/Project/project.v Line: 92
Warning (10230): Verilog HDL assignment warning at project.v(93): truncated value with size 6 to match size of target (1) File: C:/Users/novab/Downloads/Project/project.v Line: 93
Warning (10230): Verilog HDL assignment warning at project.v(94): truncated value with size 6 to match size of target (1) File: C:/Users/novab/Downloads/Project/project.v Line: 94
Warning (10230): Verilog HDL assignment warning at project.v(95): truncated value with size 6 to match size of target (1) File: C:/Users/novab/Downloads/Project/project.v Line: 95
Warning (10230): Verilog HDL assignment warning at project.v(96): truncated value with size 6 to match size of target (1) File: C:/Users/novab/Downloads/Project/project.v Line: 96
Warning (10230): Verilog HDL assignment warning at project.v(99): truncated value with size 6 to match size of target (1) File: C:/Users/novab/Downloads/Project/project.v Line: 99
Warning (10230): Verilog HDL assignment warning at project.v(100): truncated value with size 6 to match size of target (1) File: C:/Users/novab/Downloads/Project/project.v Line: 100
Warning (10230): Verilog HDL assignment warning at project.v(101): truncated value with size 6 to match size of target (1) File: C:/Users/novab/Downloads/Project/project.v Line: 101
Warning (10230): Verilog HDL assignment warning at project.v(102): truncated value with size 6 to match size of target (1) File: C:/Users/novab/Downloads/Project/project.v Line: 102
Warning (10230): Verilog HDL assignment warning at project.v(103): truncated value with size 6 to match size of target (1) File: C:/Users/novab/Downloads/Project/project.v Line: 103
Warning (10230): Verilog HDL assignment warning at project.v(104): truncated value with size 6 to match size of target (1) File: C:/Users/novab/Downloads/Project/project.v Line: 104
Warning (10230): Verilog HDL assignment warning at project.v(105): truncated value with size 6 to match size of target (1) File: C:/Users/novab/Downloads/Project/project.v Line: 105
Warning (10230): Verilog HDL assignment warning at project.v(106): truncated value with size 6 to match size of target (1) File: C:/Users/novab/Downloads/Project/project.v Line: 106
Warning (10230): Verilog HDL assignment warning at project.v(109): truncated value with size 6 to match size of target (1) File: C:/Users/novab/Downloads/Project/project.v Line: 109
Warning (10230): Verilog HDL assignment warning at project.v(110): truncated value with size 6 to match size of target (1) File: C:/Users/novab/Downloads/Project/project.v Line: 110
Warning (10230): Verilog HDL assignment warning at project.v(111): truncated value with size 6 to match size of target (1) File: C:/Users/novab/Downloads/Project/project.v Line: 111
Warning (10230): Verilog HDL assignment warning at project.v(112): truncated value with size 6 to match size of target (1) File: C:/Users/novab/Downloads/Project/project.v Line: 112
Warning (10230): Verilog HDL assignment warning at project.v(113): truncated value with size 6 to match size of target (1) File: C:/Users/novab/Downloads/Project/project.v Line: 113
Warning (10230): Verilog HDL assignment warning at project.v(114): truncated value with size 6 to match size of target (1) File: C:/Users/novab/Downloads/Project/project.v Line: 114
Warning (10230): Verilog HDL assignment warning at project.v(115): truncated value with size 6 to match size of target (1) File: C:/Users/novab/Downloads/Project/project.v Line: 115
Warning (10230): Verilog HDL assignment warning at project.v(116): truncated value with size 6 to match size of target (1) File: C:/Users/novab/Downloads/Project/project.v Line: 116
Warning (10230): Verilog HDL assignment warning at project.v(534): truncated value with size 32 to match size of target (5) File: C:/Users/novab/Downloads/Project/project.v Line: 534
Warning (10230): Verilog HDL assignment warning at project.v(539): truncated value with size 32 to match size of target (5) File: C:/Users/novab/Downloads/Project/project.v Line: 539
Warning (10240): Verilog HDL Always Construct warning at project.v(302): inferring latch(es) for variable "player1_choice", which holds its previous value in one or more paths through the always construct File: C:/Users/novab/Downloads/Project/project.v Line: 302
Warning (10240): Verilog HDL Always Construct warning at project.v(302): inferring latch(es) for variable "player2_choice", which holds its previous value in one or more paths through the always construct File: C:/Users/novab/Downloads/Project/project.v Line: 302
Warning (10030): Net "h_count" at project.v(35) has no driver or initial value, using a default initial value '0' File: C:/Users/novab/Downloads/Project/project.v Line: 35
Warning (10030): Net "v_count" at project.v(36) has no driver or initial value, using a default initial value '0' File: C:/Users/novab/Downloads/Project/project.v Line: 36
Warning (10030): Net "player1_card_choice" at project.v(152) has no driver or initial value, using a default initial value '0' File: C:/Users/novab/Downloads/Project/project.v Line: 152
Warning (10030): Net "player2_card_choice" at project.v(153) has no driver or initial value, using a default initial value '0' File: C:/Users/novab/Downloads/Project/project.v Line: 153
Info (10041): Inferred latch for "player2_choice" at project.v(302) File: C:/Users/novab/Downloads/Project/project.v Line: 302
Info (10041): Inferred latch for "player1_choice" at project.v(302) File: C:/Users/novab/Downloads/Project/project.v Line: 302
Warning (12125): Using design file fivedigit_decimal_twos_diplay.v, which is not specified as a design file for the current project, but contains definitions for 3 design units and 3 entities in project
    Info (12023): Found entity 1: fivedigit_decimal_twos_diplay File: C:/Users/novab/Downloads/Project/fivedigit_decimal_twos_diplay.v Line: 2
    Info (12023): Found entity 2: seven_segment_negative File: C:/Users/novab/Downloads/Project/fivedigit_decimal_twos_diplay.v Line: 55
    Info (12023): Found entity 3: seven_segment File: C:/Users/novab/Downloads/Project/fivedigit_decimal_twos_diplay.v Line: 74
Info (12128): Elaborating entity "fivedigit_decimal_twos_diplay" for hierarchy "fivedigit_decimal_twos_diplay:display" File: C:/Users/novab/Downloads/Project/project.v Line: 173
Warning (10230): Verilog HDL assignment warning at fivedigit_decimal_twos_diplay.v(28): truncated value with size 32 to match size of target (4) File: C:/Users/novab/Downloads/Project/fivedigit_decimal_twos_diplay.v Line: 28
Warning (10230): Verilog HDL assignment warning at fivedigit_decimal_twos_diplay.v(29): truncated value with size 32 to match size of target (4) File: C:/Users/novab/Downloads/Project/fivedigit_decimal_twos_diplay.v Line: 29
Warning (10230): Verilog HDL assignment warning at fivedigit_decimal_twos_diplay.v(30): truncated value with size 32 to match size of target (4) File: C:/Users/novab/Downloads/Project/fivedigit_decimal_twos_diplay.v Line: 30
Warning (10230): Verilog HDL assignment warning at fivedigit_decimal_twos_diplay.v(31): truncated value with size 32 to match size of target (4) File: C:/Users/novab/Downloads/Project/fivedigit_decimal_twos_diplay.v Line: 31
Warning (10230): Verilog HDL assignment warning at fivedigit_decimal_twos_diplay.v(32): truncated value with size 32 to match size of target (4) File: C:/Users/novab/Downloads/Project/fivedigit_decimal_twos_diplay.v Line: 32
Warning (10230): Verilog HDL assignment warning at fivedigit_decimal_twos_diplay.v(37): truncated value with size 32 to match size of target (4) File: C:/Users/novab/Downloads/Project/fivedigit_decimal_twos_diplay.v Line: 37
Warning (10230): Verilog HDL assignment warning at fivedigit_decimal_twos_diplay.v(38): truncated value with size 32 to match size of target (4) File: C:/Users/novab/Downloads/Project/fivedigit_decimal_twos_diplay.v Line: 38
Warning (10230): Verilog HDL assignment warning at fivedigit_decimal_twos_diplay.v(39): truncated value with size 32 to match size of target (4) File: C:/Users/novab/Downloads/Project/fivedigit_decimal_twos_diplay.v Line: 39
Warning (10230): Verilog HDL assignment warning at fivedigit_decimal_twos_diplay.v(40): truncated value with size 32 to match size of target (4) File: C:/Users/novab/Downloads/Project/fivedigit_decimal_twos_diplay.v Line: 40
Warning (10230): Verilog HDL assignment warning at fivedigit_decimal_twos_diplay.v(41): truncated value with size 32 to match size of target (4) File: C:/Users/novab/Downloads/Project/fivedigit_decimal_twos_diplay.v Line: 41
Info (12128): Elaborating entity "seven_segment" for hierarchy "fivedigit_decimal_twos_diplay:display|seven_segment:sb5" File: C:/Users/novab/Downloads/Project/fivedigit_decimal_twos_diplay.v Line: 46
Info (12128): Elaborating entity "seven_segment_negative" for hierarchy "fivedigit_decimal_twos_diplay:display|seven_segment_negative:neg" File: C:/Users/novab/Downloads/Project/fivedigit_decimal_twos_diplay.v Line: 51
Warning (12241): 1 hierarchies have connectivity warnings - see the Connectivity Checks report folder
Warning (13024): Output pins are stuck at VCC or GND
    Warning (13410): Pin "HEX0[0]" is stuck at GND File: C:/Users/novab/Downloads/Project/project.v Line: 6
    Warning (13410): Pin "HEX0[1]" is stuck at GND File: C:/Users/novab/Downloads/Project/project.v Line: 6
    Warning (13410): Pin "HEX0[2]" is stuck at GND File: C:/Users/novab/Downloads/Project/project.v Line: 6
    Warning (13410): Pin "HEX0[3]" is stuck at GND File: C:/Users/novab/Downloads/Project/project.v Line: 6
    Warning (13410): Pin "HEX0[4]" is stuck at GND File: C:/Users/novab/Downloads/Project/project.v Line: 6
    Warning (13410): Pin "HEX0[5]" is stuck at GND File: C:/Users/novab/Downloads/Project/project.v Line: 6
    Warning (13410): Pin "HEX0[6]" is stuck at VCC File: C:/Users/novab/Downloads/Project/project.v Line: 6
    Warning (13410): Pin "HEX1[0]" is stuck at GND File: C:/Users/novab/Downloads/Project/project.v Line: 7
    Warning (13410): Pin "HEX1[1]" is stuck at GND File: C:/Users/novab/Downloads/Project/project.v Line: 7
    Warning (13410): Pin "HEX1[2]" is stuck at GND File: C:/Users/novab/Downloads/Project/project.v Line: 7
    Warning (13410): Pin "HEX1[3]" is stuck at GND File: C:/Users/novab/Downloads/Project/project.v Line: 7
    Warning (13410): Pin "HEX1[4]" is stuck at GND File: C:/Users/novab/Downloads/Project/project.v Line: 7
    Warning (13410): Pin "HEX1[5]" is stuck at GND File: C:/Users/novab/Downloads/Project/project.v Line: 7
    Warning (13410): Pin "HEX1[6]" is stuck at VCC File: C:/Users/novab/Downloads/Project/project.v Line: 7
    Warning (13410): Pin "HEX2[0]" is stuck at GND File: C:/Users/novab/Downloads/Project/project.v Line: 8
    Warning (13410): Pin "HEX2[1]" is stuck at GND File: C:/Users/novab/Downloads/Project/project.v Line: 8
    Warning (13410): Pin "HEX2[2]" is stuck at GND File: C:/Users/novab/Downloads/Project/project.v Line: 8
    Warning (13410): Pin "HEX2[3]" is stuck at GND File: C:/Users/novab/Downloads/Project/project.v Line: 8
    Warning (13410): Pin "HEX2[4]" is stuck at GND File: C:/Users/novab/Downloads/Project/project.v Line: 8
    Warning (13410): Pin "HEX2[5]" is stuck at GND File: C:/Users/novab/Downloads/Project/project.v Line: 8
    Warning (13410): Pin "HEX2[6]" is stuck at VCC File: C:/Users/novab/Downloads/Project/project.v Line: 8
    Warning (13410): Pin "HEX3[0]" is stuck at GND File: C:/Users/novab/Downloads/Project/project.v Line: 9
    Warning (13410): Pin "HEX3[1]" is stuck at GND File: C:/Users/novab/Downloads/Project/project.v Line: 9
    Warning (13410): Pin "HEX3[2]" is stuck at GND File: C:/Users/novab/Downloads/Project/project.v Line: 9
    Warning (13410): Pin "HEX3[3]" is stuck at GND File: C:/Users/novab/Downloads/Project/project.v Line: 9
    Warning (13410): Pin "HEX3[4]" is stuck at GND File: C:/Users/novab/Downloads/Project/project.v Line: 9
    Warning (13410): Pin "HEX3[5]" is stuck at GND File: C:/Users/novab/Downloads/Project/project.v Line: 9
    Warning (13410): Pin "HEX3[6]" is stuck at VCC File: C:/Users/novab/Downloads/Project/project.v Line: 9
    Warning (13410): Pin "LEDR[0]" is stuck at GND File: C:/Users/novab/Downloads/Project/project.v Line: 15
    Warning (13410): Pin "LEDR[1]" is stuck at GND File: C:/Users/novab/Downloads/Project/project.v Line: 15
    Warning (13410): Pin "LEDR[2]" is stuck at GND File: C:/Users/novab/Downloads/Project/project.v Line: 15
    Warning (13410): Pin "LEDR[3]" is stuck at GND File: C:/Users/novab/Downloads/Project/project.v Line: 15
    Warning (13410): Pin "LEDR[4]" is stuck at GND File: C:/Users/novab/Downloads/Project/project.v Line: 15
    Warning (13410): Pin "LEDR[5]" is stuck at GND File: C:/Users/novab/Downloads/Project/project.v Line: 15
    Warning (13410): Pin "LEDR[6]" is stuck at GND File: C:/Users/novab/Downloads/Project/project.v Line: 15
    Warning (13410): Pin "LEDR[7]" is stuck at GND File: C:/Users/novab/Downloads/Project/project.v Line: 15
    Warning (13410): Pin "LEDR[8]" is stuck at GND File: C:/Users/novab/Downloads/Project/project.v Line: 15
    Warning (13410): Pin "LEDR[9]" is stuck at GND File: C:/Users/novab/Downloads/Project/project.v Line: 15
Info (17049): 24 registers lost all their fanouts during netlist optimizations.
Info (144001): Generated suppressed messages file C:/Users/novab/Downloads/Project/project.map.smsg
Info (16010): Generating hard_block partition "hard_block:auto_generated_inst"
    Info (16011): Adding 0 node(s), including 0 DDIO, 0 PLL, 0 transceiver and 0 LCELL
Warning (21074): Design contains 20 input pin(s) that do not drive logic
    Warning (15610): No output dependent on input pin "KEY[0]" File: C:/Users/novab/Downloads/Project/project.v Line: 12
    Warning (15610): No output dependent on input pin "KEY[1]" File: C:/Users/novab/Downloads/Project/project.v Line: 12
    Warning (15610): No output dependent on input pin "KEY[2]" File: C:/Users/novab/Downloads/Project/project.v Line: 12
    Warning (15610): No output dependent on input pin "KEY[3]" File: C:/Users/novab/Downloads/Project/project.v Line: 12
    Warning (15610): No output dependent on input pin "KEY[4]" File: C:/Users/novab/Downloads/Project/project.v Line: 12
    Warning (15610): No output dependent on input pin "KEY[5]" File: C:/Users/novab/Downloads/Project/project.v Line: 12
    Warning (15610): No output dependent on input pin "KEY[6]" File: C:/Users/novab/Downloads/Project/project.v Line: 12
    Warning (15610): No output dependent on input pin "KEY[7]" File: C:/Users/novab/Downloads/Project/project.v Line: 12
    Warning (15610): No output dependent on input pin "SW[0]" File: C:/Users/novab/Downloads/Project/project.v Line: 19
    Warning (15610): No output dependent on input pin "SW[1]" File: C:/Users/novab/Downloads/Project/project.v Line: 19
    Warning (15610): No output dependent on input pin "SW[2]" File: C:/Users/novab/Downloads/Project/project.v Line: 19
    Warning (15610): No output dependent on input pin "SW[3]" File: C:/Users/novab/Downloads/Project/project.v Line: 19
    Warning (15610): No output dependent on input pin "SW[4]" File: C:/Users/novab/Downloads/Project/project.v Line: 19
    Warning (15610): No output dependent on input pin "SW[5]" File: C:/Users/novab/Downloads/Project/project.v Line: 19
    Warning (15610): No output dependent on input pin "SW[6]" File: C:/Users/novab/Downloads/Project/project.v Line: 19
    Warning (15610): No output dependent on input pin "SW[7]" File: C:/Users/novab/Downloads/Project/project.v Line: 19
    Warning (15610): No output dependent on input pin "SW[8]" File: C:/Users/novab/Downloads/Project/project.v Line: 19
    Warning (15610): No output dependent on input pin "SW[9]" File: C:/Users/novab/Downloads/Project/project.v Line: 19
    Warning (15610): No output dependent on input pin "CLOCK_50" File: C:/Users/novab/Downloads/Project/project.v Line: 3
    Warning (15610): No output dependent on input pin "KEY[8]" File: C:/Users/novab/Downloads/Project/project.v Line: 12
Info (21057): Implemented 58 device resources after synthesis - the final resource count might be different
    Info (21058): Implemented 20 input pins
    Info (21059): Implemented 38 output pins
Info: Quartus Prime Analysis & Synthesis was successful. 0 errors, 128 warnings
    Info: Peak virtual memory: 4807 megabytes
    Info: Processing ended: Fri Dec 13 13:56:44 2024
    Info: Elapsed time: 00:00:11
    Info: Total CPU time (on all processors): 00:00:17


+------------------------------------------+
; Analysis & Synthesis Suppressed Messages ;
+------------------------------------------+
The suppressed messages can be found in C:/Users/novab/Downloads/Project/project.map.smsg.


